<?xml version="1.0" encoding="UTF-8"?>
<!-- Generated by org.testng.reporters.JUnitReportReporter -->
<testsuite hostname="EPHUBUDW0097" name="com.epam.ChocolateTest" tests="1" failures="0" timestamp="5 Apr 2016 08:29:48 GMT" time="0.000" errors="0">
  <testcase name="whenCreateChocolateWithQualityThenSuccess" time="0.000" classname="com.epam.ChocolateTest"/>
</testsuite> <!-- com.epam.ChocolateTest -->
