<?xml version="1.0" encoding="UTF-8"?>
<!-- Generated by org.testng.reporters.JUnitReportReporter -->
<testsuite hostname="EPHUBUDW0097" name="com.epam.OrderTest" tests="18" failures="0" timestamp="4 Apr 2016 15:51:26 GMT" time="0.341" errors="0">
  <testcase name="whenModifyToNegativeQuantityThenException" time="0.001" classname="com.epam.OrderTest"/>
  <testcase name="whenDeleteThenSuccess" time="0.000" classname="com.epam.OrderTest"/>
  <testcase name="whenAddNewItemThenSuccess" time="0.002" classname="com.epam.OrderTest"/>
  <testcase name="whenDeleteNotExistingItemsQuantityThenException" time="0.000" classname="com.epam.OrderTest"/>
  <testcase name="whenModifyQuantityThenSuccess" time="0.001" classname="com.epam.OrderTest"/>
  <testcase name="whenModifyNotExistingThenException" time="0.000" classname="com.epam.OrderTest"/>
  <testcase name="whenModifyQuantityThenSuccess" time="0.000" classname="com.epam.OrderTest"/>
  <testcase name="whenGetAveragePriceThenSuccess" time="0.002" classname="com.epam.OrderTest"/>
  <testcase name="whenModifyQuantityThenSuccess" time="0.000" classname="com.epam.OrderTest"/>
  <testcase name="whenDeleteNotExistingItemsQuantityThenException" time="0.000" classname="com.epam.OrderTest"/>
  <testcase name="whenModifyToNegativeQuantityThenException" time="0.001" classname="com.epam.OrderTest"/>
  <testcase name="whenEqualsVerifierThenSuccess" time="0.333" classname="com.epam.OrderTest"/>
  <testcase name="whenClearThenSuccess" time="0.000" classname="com.epam.OrderTest"/>
  <testcase name="whenModifyQuantityThenSuccess" time="0.000" classname="com.epam.OrderTest"/>
  <testcase name="whenGetTotalQuantityThenSuccess" time="0.000" classname="com.epam.OrderTest"/>
  <testcase name="whenModifyQuantityThenSuccess" time="0.000" classname="com.epam.OrderTest"/>
  <testcase name="whenGetTotalPriceThenSuccess" time="0.001" classname="com.epam.OrderTest"/>
  <testcase name="whenModifyNotExistingThenException" time="0.000" classname="com.epam.OrderTest"/>
</testsuite> <!-- com.epam.OrderTest -->
