<?xml version="1.0" encoding="UTF-8"?>
<!-- Generated by org.testng.reporters.JUnitReportReporter -->
<testsuite hostname="EPHUBUDW0097" name="com.epam.ChocolateTest" tests="2" failures="0" timestamp="4 Apr 2016 15:51:26 GMT" time="0.003" errors="0">
  <testcase name="whenCreateChocolateWithQualityThenSuccess" time="0.000" classname="com.epam.ChocolateTest"/>
  <testcase name="whenCreateChocolateWithoutDataThenSuccess" time="0.003" classname="com.epam.ChocolateTest"/>
</testsuite> <!-- com.epam.ChocolateTest -->
