<?xml version="1.0" encoding="UTF-8"?>
<!-- Generated by org.testng.reporters.JUnitReportReporter -->
<testsuite hostname="EPHUBUDW0097" name="com.epam.CandyTest" tests="1" failures="0" timestamp="5 Apr 2016 08:29:48 GMT" time="0.009" errors="0">
  <testcase name="whenCreateCandyWithQuantityThenSuccess" time="0.009" classname="com.epam.CandyTest"/>
</testsuite> <!-- com.epam.CandyTest -->
