<?xml version="1.0" encoding="UTF-8"?>
<!-- Generated by org.testng.reporters.JUnitReportReporter -->
<testsuite hostname="EPHUBUDW0097" name="com.epam.CandyTest" tests="2" failures="0" timestamp="4 Apr 2016 15:51:26 GMT" time="0.009" errors="0">
  <testcase name="whenCreateCandyWithoutDataThenSuccess" time="0.000" classname="com.epam.CandyTest"/>
  <testcase name="whenCreateCandyWithQuatityThenSuccess" time="0.009" classname="com.epam.CandyTest"/>
</testsuite> <!-- com.epam.CandyTest -->
